<?xml version="1.0" encoding="UTF-8"?>
<testsuite xmlns:xsi="http://www.w3.org/2001/XMLSchema-instance" xsi:noNamespaceSchemaLocation="https://maven.apache.org/surefire/maven-surefire-plugin/xsd/surefire-test-report.xsd" version="3.0.2" name="starfederation.datastar.unit.ServerSentEventGeneratorTest" time="0.629" tests="5" errors="0" skipped="0" failures="0">
  <properties>
[...]
</properties>
  <testcase name="sendShouldGenerateIncrementingIds" classname="starfederation.datastar.unit.ServerSentEventGeneratorTest" time="0.007"/>
  <testcase name="sendWithIdShouldWriteValidEvent" classname="starfederation.datastar.unit.ServerSentEventGeneratorTest" time="0.001"/>
  <testcase name="constructorShouldThrowExceptionForNullResponse" classname="starfederation.datastar.unit.ServerSentEventGeneratorTest" time="0.002"/>
  <testcase name="sendShouldWriteValidEvent" classname="starfederation.datastar.unit.ServerSentEventGeneratorTest" time="0.001"/>
  <testcase name="sendShouldThrowExceptionForNullEvent" classname="starfederation.datastar.unit.ServerSentEventGeneratorTest" time="0.002"/>
</testsuite>